build/app/intermediates/manifest_merge_blame_file/debug/manifest-merger-blame-debug-report.txt
1<?xml version="1.0" encoding="utf-8"?>
2<manifest xmlns:android="http://schemas.android.com/apk/res/android"
3    package="com.project.aovipos"
4    android:versionCode="11"
5    android:versionName="0.2.4" >
6
7    <uses-sdk
8        android:minSdkVersion="21"
9        android:targetSdkVersion="31" />
10    <!--
11         Flutter needs it to communicate with the running application
12         to allow setting breakpoints, to provide hot reload, etc.
13    -->
14    <uses-permission android:name="android.permission.INTERNET" />
14-->src\main\AndroidManifest.xml:2:3-65
14-->src\main\AndroidManifest.xml:2:20-62
15    <uses-permission android:name="android.permission.RECEIVE_BOOT_COMPLETED" />
15-->src\main\AndroidManifest.xml:3:3-79
15-->src\main\AndroidManifest.xml:3:20-76
16    <uses-permission android:name="android.permission.BLUETOOTH" />
16-->src\main\AndroidManifest.xml:4:3-66
16-->src\main\AndroidManifest.xml:4:20-63
17    <uses-permission android:name="android.permission.BLUETOOTH_ADMIN" />
17-->src\main\AndroidManifest.xml:5:3-72
17-->src\main\AndroidManifest.xml:5:20-69
18    <uses-permission android:name="android.permission.BLUETOOTH_SCAN" />
18-->src\main\AndroidManifest.xml:6:3-71
18-->src\main\AndroidManifest.xml:6:20-68
19    <uses-permission android:name="android.permission.BLUETOOTH_CONNECT" />
19-->src\main\AndroidManifest.xml:7:3-74
19-->src\main\AndroidManifest.xml:7:20-71
20    <uses-permission android:name="android.permission.ACCESS_WIFI_STATE" />
20-->src\main\AndroidManifest.xml:8:3-74
20-->src\main\AndroidManifest.xml:8:20-71
21    <uses-permission android:name="android.permission.CHANGE_WIFI_STATE" />
21-->src\main\AndroidManifest.xml:9:3-74
21-->src\main\AndroidManifest.xml:9:20-71
22    <uses-permission android:name="android.permission.ACCESS_COARSE_LOCATION" />
22-->src\main\AndroidManifest.xml:10:3-79
22-->src\main\AndroidManifest.xml:10:20-76
23    <uses-permission android:name="android.permission.WRITE_EXTERNAL_STORAGE" />
23-->src\main\AndroidManifest.xml:11:3-79
23-->src\main\AndroidManifest.xml:11:20-76
24    <uses-permission android:name="android.permission.ACCESS_FINE_LOCATION" />
24-->src\main\AndroidManifest.xml:12:3-77
24-->src\main\AndroidManifest.xml:12:20-74
25    <uses-permission android:name="android.permission.USE_BIOMETRIC" /> <!-- <uses-permission android:name="android.permission.ACCESS_BACKGROUND_LOCATION" /> -->
25-->src\main\AndroidManifest.xml:13:3-69
25-->src\main\AndroidManifest.xml:13:20-67
26    <uses-permission android:name="android.permission.FOREGROUND_SERVICE" />
26-->src\main\AndroidManifest.xml:15:3-75
26-->src\main\AndroidManifest.xml:15:20-72
27    <uses-permission android:name="android.permission.READ_EXTERNAL_STORAGE" />
27-->[:file_picker] AndroidManifest.xml:7:5-80
27-->[:file_picker] AndroidManifest.xml:7:22-77
28
29    <queries>
29-->[:file_picker] AndroidManifest.xml:9:5-15:15
30        <intent>
30-->[:file_picker] AndroidManifest.xml:10:9-14:18
31            <action android:name="android.intent.action.GET_CONTENT" />
31-->[:file_picker] AndroidManifest.xml:11:13-72
31-->[:file_picker] AndroidManifest.xml:11:21-69
32
33            <data android:mimeType="*/*" />
33-->[:file_picker] AndroidManifest.xml:13:13-44
33-->[:file_picker] AndroidManifest.xml:13:19-41
34        </intent>
35        <intent>
35-->[com.android.billingclient:billing:5.1.0] AndroidManifest.xml:17:9-19:18
36            <action android:name="com.android.vending.billing.InAppBillingService.BIND" />
36-->[com.android.billingclient:billing:5.1.0] AndroidManifest.xml:18:13-91
36-->[com.android.billingclient:billing:5.1.0] AndroidManifest.xml:18:21-88
37        </intent>
38    </queries>
39
40    <uses-permission android:name="android.permission.CAMERA" />
40-->[:flutter_barcode_scanner] AndroidManifest.xml:9:5-65
40-->[:flutter_barcode_scanner] AndroidManifest.xml:9:22-62
41
42    <uses-feature android:name="android.hardware.camera" />
42-->[:flutter_barcode_scanner] AndroidManifest.xml:11:5-60
42-->[:flutter_barcode_scanner] AndroidManifest.xml:11:19-57
43
44    <uses-permission android:name="android.permission.FLASHLIGHT" />
44-->[:flutter_barcode_scanner] AndroidManifest.xml:13:5-69
44-->[:flutter_barcode_scanner] AndroidManifest.xml:13:22-66
45    <uses-permission android:name="android.permission.USE_FINGERPRINT" />
45-->[:local_auth] AndroidManifest.xml:9:5-74
45-->[:local_auth] AndroidManifest.xml:9:22-71
46    <!--
47         Needed only if your app makes the device discoverable to Bluetooth
48         devices.
49    -->
50    <uses-permission android:name="android.permission.BLUETOOTH_ADVERTISE" />
50-->[:blue_thermal_printer] AndroidManifest.xml:25:5-78
50-->[:blue_thermal_printer] AndroidManifest.xml:25:22-75
51
52    <uses-feature android:name="android.hardware.wifi" />
52-->[:wifi_iot] AndroidManifest.xml:7:5-58
52-->[:wifi_iot] AndroidManifest.xml:7:19-55
53
54    <uses-permission android:name="android.permission.ACCESS_NETWORK_STATE" />
54-->[:wifi_iot] AndroidManifest.xml:11:5-79
54-->[:wifi_iot] AndroidManifest.xml:11:22-76
55    <uses-permission android:name="android.permission.CHANGE_NETWORK_STATE" />
55-->[:wifi_iot] AndroidManifest.xml:12:5-79
55-->[:wifi_iot] AndroidManifest.xml:12:22-76
56    <uses-permission android:name="android.permission.WRITE_SETTINGS" />
56-->[:wifi_iot] AndroidManifest.xml:17:5-73
56-->[:wifi_iot] AndroidManifest.xml:17:22-70
57    <uses-permission android:name="android.permission.WAKE_LOCK" />
57-->[com.google.android.gms:play-services-measurement-api:21.2.2] AndroidManifest.xml:24:5-68
57-->[com.google.android.gms:play-services-measurement-api:21.2.2] AndroidManifest.xml:24:22-65
58    <uses-permission android:name="com.google.android.gms.permission.AD_ID" />
58-->[com.google.android.gms:play-services-measurement-api:21.2.2] AndroidManifest.xml:25:5-79
58-->[com.google.android.gms:play-services-measurement-api:21.2.2] AndroidManifest.xml:25:22-76
59    <uses-permission android:name="com.google.android.finsky.permission.BIND_GET_INSTALL_REFERRER_SERVICE" />
59-->[com.google.android.gms:play-services-measurement:21.2.2] AndroidManifest.xml:26:5-110
59-->[com.google.android.gms:play-services-measurement:21.2.2] AndroidManifest.xml:26:22-107
60    <uses-permission android:name="com.android.vending.BILLING" />
60-->[com.android.billingclient:billing:5.1.0] AndroidManifest.xml:10:5-67
60-->[com.android.billingclient:billing:5.1.0] AndroidManifest.xml:10:22-64
61
62    <uses-feature
62-->[com.journeyapps:zxing-android-embedded:3.6.0] AndroidManifest.xml:28:5-30:36
63        android:name="android.hardware.camera.front"
63-->[com.journeyapps:zxing-android-embedded:3.6.0] AndroidManifest.xml:29:9-53
64        android:required="false" /> <!-- TODO replace above two with next line after Android 4.2 -->
64-->[com.journeyapps:zxing-android-embedded:3.6.0] AndroidManifest.xml:30:9-33
65    <!-- <uses-feature android:name="android.hardware.camera.any"/> -->
66    <uses-feature
66-->[com.journeyapps:zxing-android-embedded:3.6.0] AndroidManifest.xml:33:5-35:36
67        android:name="android.hardware.camera.autofocus"
67-->[com.journeyapps:zxing-android-embedded:3.6.0] AndroidManifest.xml:34:9-57
68        android:required="false" />
68-->[com.journeyapps:zxing-android-embedded:3.6.0] AndroidManifest.xml:35:9-33
69    <uses-feature
69-->[com.journeyapps:zxing-android-embedded:3.6.0] AndroidManifest.xml:36:5-38:36
70        android:name="android.hardware.camera.flash"
70-->[com.journeyapps:zxing-android-embedded:3.6.0] AndroidManifest.xml:37:9-53
71        android:required="false" />
71-->[com.journeyapps:zxing-android-embedded:3.6.0] AndroidManifest.xml:38:9-33
72    <uses-feature
72-->[com.journeyapps:zxing-android-embedded:3.6.0] AndroidManifest.xml:39:5-41:36
73        android:name="android.hardware.screen.landscape"
73-->[com.journeyapps:zxing-android-embedded:3.6.0] AndroidManifest.xml:40:9-57
74        android:required="false" /> <!-- <uses-permission android:name="android.permission.ACCESS_BACKGROUND_LOCATION"/> -->
74-->[com.journeyapps:zxing-android-embedded:3.6.0] AndroidManifest.xml:41:9-33
75    <application
75-->src\main\AndroidManifest.xml:17:3-46:17
76        android:appComponentFactory="androidx.core.app.CoreComponentFactory"
76-->[androidx.core:core:1.8.0] AndroidManifest.xml:24:18-86
77        android:debuggable="true"
78        android:icon="@mipmap/ic_launcher"
78-->src\main\AndroidManifest.xml:17:37-71
79        android:label="Aovi"
79-->src\main\AndroidManifest.xml:17:16-36
80        android:largeHeap="true"
80-->[:flutter_barcode_scanner] AndroidManifest.xml:16:9-33
81        android:theme="@style/Theme.AppCompat.NoActionBar" >
81-->[:flutter_barcode_scanner] AndroidManifest.xml:17:9-59
82        <activity
82-->src\main\AndroidManifest.xml:18:5-41:16
83            android:name="com.project.aovipos.MainActivity"
83-->src\main\AndroidManifest.xml:18:15-43
84            android:configChanges="orientation|keyboardHidden|keyboard|screenSize|smallestScreenSize|locale|layoutDirection|fontScale|screenLayout|density|uiMode"
84-->src\main\AndroidManifest.xml:20:7-157
85            android:exported="true"
85-->src\main\AndroidManifest.xml:22:7-30
86            android:hardwareAccelerated="true"
86-->src\main\AndroidManifest.xml:21:7-41
87            android:launchMode="singleTop"
87-->src\main\AndroidManifest.xml:18:44-74
88            android:theme="@style/LaunchTheme"
88-->src\main\AndroidManifest.xml:19:7-41
89            android:windowSoftInputMode="adjustResize" >
89-->src\main\AndroidManifest.xml:21:42-84
90
91            <!--
92           Specifies an Android theme to apply to this Activity as soon as
93                 the Android process has started. This theme is visible to the user
94                 while the Flutter UI initializes. After that, this theme continues
95                 to determine the Window background behind the Flutter UI.
96            -->
97            <meta-data
97-->src\main\AndroidManifest.xml:28:7-29:49
98                android:name="io.flutter.embedding.android.NormalTheme"
98-->src\main\AndroidManifest.xml:28:18-73
99                android:resource="@style/NormalTheme" />
99-->src\main\AndroidManifest.xml:29:9-46
100            <!--
101           Displays an Android View that continues showing the launch screen
102                 Drawable until Flutter paints its first frame, then this splash
103                 screen fades out. A splash screen is useful to avoid any visual
104                 gap between the end of Android's launch screen and the painting of
105                 Flutter's first frame.
106            -->
107            <meta-data
107-->src\main\AndroidManifest.xml:35:7-36:58
108                android:name="io.flutter.embedding.android.SplashScreenDrawable"
108-->src\main\AndroidManifest.xml:35:18-82
109                android:resource="@drawable/launch_background" />
109-->src\main\AndroidManifest.xml:36:9-55
110
111            <intent-filter>
111-->src\main\AndroidManifest.xml:37:7-40:23
112                <action android:name="android.intent.action.MAIN" />
112-->src\main\AndroidManifest.xml:38:9-61
112-->src\main\AndroidManifest.xml:38:17-58
113
114                <category android:name="android.intent.category.LAUNCHER" />
114-->src\main\AndroidManifest.xml:39:9-69
114-->src\main\AndroidManifest.xml:39:19-66
115            </intent-filter>
116        </activity>
117        <!--
118         Don't delete the meta-data below.
119             This is used by the Flutter tool to generate GeneratedPluginRegistrant.java
120        -->
121        <meta-data
121-->src\main\AndroidManifest.xml:44:5-68
122            android:name="flutterEmbedding"
122-->src\main\AndroidManifest.xml:44:16-47
123            android:value="2" />
123-->src\main\AndroidManifest.xml:44:48-65
124
125        <service
125-->[:firebase_dynamic_links] AndroidManifest.xml:10:9-14:19
126            android:name="com.google.firebase.components.ComponentDiscoveryService"
126-->[:firebase_dynamic_links] AndroidManifest.xml:10:18-89
127            android:directBootAware="true"
127-->[com.google.firebase:firebase-common:20.3.2] AndroidManifest.xml:34:13-43
128            android:exported="false" >
128-->[com.google.firebase:firebase-auth:22.0.0] AndroidManifest.xml:68:13-37
129            <meta-data
129-->[:firebase_dynamic_links] AndroidManifest.xml:11:13-13:85
130                android:name="com.google.firebase.components:io.flutter.plugins.firebase.dynamiclinks.FlutterFirebaseAppRegistrar"
130-->[:firebase_dynamic_links] AndroidManifest.xml:12:17-131
131                android:value="com.google.firebase.components.ComponentRegistrar" />
131-->[:firebase_dynamic_links] AndroidManifest.xml:13:17-82
132            <meta-data
132-->[:firebase_auth] AndroidManifest.xml:9:13-11:85
133                android:name="com.google.firebase.components:io.flutter.plugins.firebase.auth.FlutterFirebaseAuthRegistrar"
133-->[:firebase_auth] AndroidManifest.xml:10:17-124
134                android:value="com.google.firebase.components.ComponentRegistrar" />
134-->[:firebase_auth] AndroidManifest.xml:11:17-82
135            <meta-data
135-->[:firebase_core] AndroidManifest.xml:9:13-11:85
136                android:name="com.google.firebase.components:io.flutter.plugins.firebase.core.FlutterFirebaseCoreRegistrar"
136-->[:firebase_core] AndroidManifest.xml:10:17-124
137                android:value="com.google.firebase.components.ComponentRegistrar" />
137-->[:firebase_core] AndroidManifest.xml:11:17-82
138            <meta-data
138-->[com.google.firebase:firebase-auth:22.0.0] AndroidManifest.xml:69:13-71:85
139                android:name="com.google.firebase.components:com.google.firebase.auth.FirebaseAuthRegistrar"
139-->[com.google.firebase:firebase-auth:22.0.0] AndroidManifest.xml:70:17-109
140                android:value="com.google.firebase.components.ComponentRegistrar" />
140-->[com.google.firebase:firebase-auth:22.0.0] AndroidManifest.xml:71:17-82
141            <meta-data
141-->[com.google.firebase:firebase-dynamic-links:21.1.0] AndroidManifest.xml:26:13-28:85
142                android:name="com.google.firebase.components:com.google.firebase.dynamiclinks.internal.FirebaseDynamicLinkRegistrar"
142-->[com.google.firebase:firebase-dynamic-links:21.1.0] AndroidManifest.xml:27:17-133
143                android:value="com.google.firebase.components.ComponentRegistrar" />
143-->[com.google.firebase:firebase-dynamic-links:21.1.0] AndroidManifest.xml:28:17-82
144            <meta-data
144-->[com.google.android.gms:play-services-measurement-api:21.2.2] AndroidManifest.xml:31:13-33:85
145                android:name="com.google.firebase.components:com.google.firebase.analytics.connector.internal.AnalyticsConnectorRegistrar"
145-->[com.google.android.gms:play-services-measurement-api:21.2.2] AndroidManifest.xml:32:17-139
146                android:value="com.google.firebase.components.ComponentRegistrar" />
146-->[com.google.android.gms:play-services-measurement-api:21.2.2] AndroidManifest.xml:33:17-82
147            <meta-data
147-->[com.google.firebase:firebase-installations:17.1.3] AndroidManifest.xml:17:13-19:85
148                android:name="com.google.firebase.components:com.google.firebase.installations.FirebaseInstallationsRegistrar"
148-->[com.google.firebase:firebase-installations:17.1.3] AndroidManifest.xml:18:17-127
149                android:value="com.google.firebase.components.ComponentRegistrar" />
149-->[com.google.firebase:firebase-installations:17.1.3] AndroidManifest.xml:19:17-82
150        </service>
151
152        <activity android:name="com.amolg.flutterbarcodescanner.BarcodeCaptureActivity" />
152-->[:flutter_barcode_scanner] AndroidManifest.xml:18:9-91
152-->[:flutter_barcode_scanner] AndroidManifest.xml:18:19-88
153
154        <provider
154-->[:image_picker_android] AndroidManifest.xml:8:9-16:20
155            android:name="io.flutter.plugins.imagepicker.ImagePickerFileProvider"
155-->[:image_picker_android] AndroidManifest.xml:9:13-82
156            android:authorities="com.project.aovipos.flutter.image_provider"
156-->[:image_picker_android] AndroidManifest.xml:10:13-74
157            android:exported="false"
157-->[:image_picker_android] AndroidManifest.xml:11:13-37
158            android:grantUriPermissions="true" >
158-->[:image_picker_android] AndroidManifest.xml:12:13-47
159            <meta-data
159-->[:image_picker_android] AndroidManifest.xml:13:13-15:75
160                android:name="android.support.FILE_PROVIDER_PATHS"
160-->[:image_picker_android] AndroidManifest.xml:14:17-67
161                android:resource="@xml/flutter_image_picker_file_paths" />
161-->[:image_picker_android] AndroidManifest.xml:15:17-72
162        </provider>
163
164        <activity
164-->[:url_launcher_android] AndroidManifest.xml:8:9-11:74
165            android:name="io.flutter.plugins.urllauncher.WebViewActivity"
165-->[:url_launcher_android] AndroidManifest.xml:9:13-74
166            android:exported="false"
166-->[:url_launcher_android] AndroidManifest.xml:10:13-37
167            android:theme="@android:style/Theme.NoTitleBar.Fullscreen" />
167-->[:url_launcher_android] AndroidManifest.xml:11:13-71
168
169        <provider
169-->[:printing] AndroidManifest.xml:8:9-16:20
170            android:name="net.nfet.flutter.printing.PrintFileProvider"
170-->[:printing] AndroidManifest.xml:9:13-71
171            android:authorities="com.project.aovipos.flutter.printing"
171-->[:printing] AndroidManifest.xml:10:13-68
172            android:exported="false"
172-->[:printing] AndroidManifest.xml:11:13-37
173            android:grantUriPermissions="true" >
173-->[:printing] AndroidManifest.xml:12:13-47
174            <meta-data
174-->[:image_picker_android] AndroidManifest.xml:13:13-15:75
175                android:name="android.support.FILE_PROVIDER_PATHS"
175-->[:image_picker_android] AndroidManifest.xml:14:17-67
176                android:resource="@xml/flutter_printing_file_paths" />
176-->[:image_picker_android] AndroidManifest.xml:15:17-72
177        </provider>
178
179        <activity
179-->[com.google.firebase:firebase-auth:22.0.0] AndroidManifest.xml:29:9-46:20
180            android:name="com.google.firebase.auth.internal.GenericIdpActivity"
180-->[com.google.firebase:firebase-auth:22.0.0] AndroidManifest.xml:30:13-80
181            android:excludeFromRecents="true"
181-->[com.google.firebase:firebase-auth:22.0.0] AndroidManifest.xml:31:13-46
182            android:exported="true"
182-->[com.google.firebase:firebase-auth:22.0.0] AndroidManifest.xml:32:13-36
183            android:launchMode="singleTask"
183-->[com.google.firebase:firebase-auth:22.0.0] AndroidManifest.xml:33:13-44
184            android:theme="@android:style/Theme.Translucent.NoTitleBar" >
184-->[com.google.firebase:firebase-auth:22.0.0] AndroidManifest.xml:34:13-72
185            <intent-filter>
185-->[com.google.firebase:firebase-auth:22.0.0] AndroidManifest.xml:35:13-45:29
186                <action android:name="android.intent.action.VIEW" />
186-->[com.google.firebase:firebase-auth:22.0.0] AndroidManifest.xml:36:17-69
186-->[com.google.firebase:firebase-auth:22.0.0] AndroidManifest.xml:36:25-66
187
188                <category android:name="android.intent.category.DEFAULT" />
188-->[com.google.firebase:firebase-auth:22.0.0] AndroidManifest.xml:38:17-76
188-->[com.google.firebase:firebase-auth:22.0.0] AndroidManifest.xml:38:27-73
189                <category android:name="android.intent.category.BROWSABLE" />
189-->[com.google.firebase:firebase-auth:22.0.0] AndroidManifest.xml:39:17-78
189-->[com.google.firebase:firebase-auth:22.0.0] AndroidManifest.xml:39:27-75
190
191                <data
191-->[:file_picker] AndroidManifest.xml:13:13-44
192                    android:host="firebase.auth"
193                    android:path="/"
194                    android:scheme="genericidp" />
195            </intent-filter>
196        </activity>
197        <activity
197-->[com.google.firebase:firebase-auth:22.0.0] AndroidManifest.xml:47:9-64:20
198            android:name="com.google.firebase.auth.internal.RecaptchaActivity"
198-->[com.google.firebase:firebase-auth:22.0.0] AndroidManifest.xml:48:13-79
199            android:excludeFromRecents="true"
199-->[com.google.firebase:firebase-auth:22.0.0] AndroidManifest.xml:49:13-46
200            android:exported="true"
200-->[com.google.firebase:firebase-auth:22.0.0] AndroidManifest.xml:50:13-36
201            android:launchMode="singleTask"
201-->[com.google.firebase:firebase-auth:22.0.0] AndroidManifest.xml:51:13-44
202            android:theme="@android:style/Theme.Translucent.NoTitleBar" >
202-->[com.google.firebase:firebase-auth:22.0.0] AndroidManifest.xml:52:13-72
203            <intent-filter>
203-->[com.google.firebase:firebase-auth:22.0.0] AndroidManifest.xml:53:13-63:29
204                <action android:name="android.intent.action.VIEW" />
204-->[com.google.firebase:firebase-auth:22.0.0] AndroidManifest.xml:36:17-69
204-->[com.google.firebase:firebase-auth:22.0.0] AndroidManifest.xml:36:25-66
205
206                <category android:name="android.intent.category.DEFAULT" />
206-->[com.google.firebase:firebase-auth:22.0.0] AndroidManifest.xml:38:17-76
206-->[com.google.firebase:firebase-auth:22.0.0] AndroidManifest.xml:38:27-73
207                <category android:name="android.intent.category.BROWSABLE" />
207-->[com.google.firebase:firebase-auth:22.0.0] AndroidManifest.xml:39:17-78
207-->[com.google.firebase:firebase-auth:22.0.0] AndroidManifest.xml:39:27-75
208
209                <data
209-->[:file_picker] AndroidManifest.xml:13:13-44
210                    android:host="firebase.auth"
211                    android:path="/"
212                    android:scheme="recaptcha" />
213            </intent-filter>
214        </activity>
215        <activity
215-->[com.google.android.gms:play-services-auth:20.4.1] AndroidManifest.xml:23:9-27:75
216            android:name="com.google.android.gms.auth.api.signin.internal.SignInHubActivity"
216-->[com.google.android.gms:play-services-auth:20.4.1] AndroidManifest.xml:24:13-93
217            android:excludeFromRecents="true"
217-->[com.google.android.gms:play-services-auth:20.4.1] AndroidManifest.xml:25:13-46
218            android:exported="false"
218-->[com.google.android.gms:play-services-auth:20.4.1] AndroidManifest.xml:26:13-37
219            android:theme="@android:style/Theme.Translucent.NoTitleBar" />
219-->[com.google.android.gms:play-services-auth:20.4.1] AndroidManifest.xml:27:13-72
220        <!--
221            Service handling Google Sign-In user revocation. For apps that do not integrate with
222            Google Sign-In, this service will never be started.
223        -->
224        <service
224-->[com.google.android.gms:play-services-auth:20.4.1] AndroidManifest.xml:33:9-37:51
225            android:name="com.google.android.gms.auth.api.signin.RevocationBoundService"
225-->[com.google.android.gms:play-services-auth:20.4.1] AndroidManifest.xml:34:13-89
226            android:exported="true"
226-->[com.google.android.gms:play-services-auth:20.4.1] AndroidManifest.xml:35:13-36
227            android:permission="com.google.android.gms.auth.api.signin.permission.REVOCATION_NOTIFICATION"
227-->[com.google.android.gms:play-services-auth:20.4.1] AndroidManifest.xml:36:13-107
228            android:visibleToInstantApps="true" />
228-->[com.google.android.gms:play-services-auth:20.4.1] AndroidManifest.xml:37:13-48
229
230        <provider
230-->[com.google.firebase:firebase-common:20.3.2] AndroidManifest.xml:25:9-30:39
231            android:name="com.google.firebase.provider.FirebaseInitProvider"
231-->[com.google.firebase:firebase-common:20.3.2] AndroidManifest.xml:26:13-77
232            android:authorities="com.project.aovipos.firebaseinitprovider"
232-->[com.google.firebase:firebase-common:20.3.2] AndroidManifest.xml:27:13-72
233            android:directBootAware="true"
233-->[com.google.firebase:firebase-common:20.3.2] AndroidManifest.xml:28:13-43
234            android:exported="false"
234-->[com.google.firebase:firebase-common:20.3.2] AndroidManifest.xml:29:13-37
235            android:initOrder="100" />
235-->[com.google.firebase:firebase-common:20.3.2] AndroidManifest.xml:30:13-36
236
237        <receiver
237-->[com.google.android.gms:play-services-measurement:21.2.2] AndroidManifest.xml:29:9-33:20
238            android:name="com.google.android.gms.measurement.AppMeasurementReceiver"
238-->[com.google.android.gms:play-services-measurement:21.2.2] AndroidManifest.xml:30:13-85
239            android:enabled="true"
239-->[com.google.android.gms:play-services-measurement:21.2.2] AndroidManifest.xml:31:13-35
240            android:exported="false" >
240-->[com.google.android.gms:play-services-measurement:21.2.2] AndroidManifest.xml:32:13-37
241        </receiver>
242
243        <service
243-->[com.google.android.gms:play-services-measurement:21.2.2] AndroidManifest.xml:35:9-38:40
244            android:name="com.google.android.gms.measurement.AppMeasurementService"
244-->[com.google.android.gms:play-services-measurement:21.2.2] AndroidManifest.xml:36:13-84
245            android:enabled="true"
245-->[com.google.android.gms:play-services-measurement:21.2.2] AndroidManifest.xml:37:13-35
246            android:exported="false" />
246-->[com.google.android.gms:play-services-measurement:21.2.2] AndroidManifest.xml:38:13-37
247        <service
247-->[com.google.android.gms:play-services-measurement:21.2.2] AndroidManifest.xml:39:9-43:72
248            android:name="com.google.android.gms.measurement.AppMeasurementJobService"
248-->[com.google.android.gms:play-services-measurement:21.2.2] AndroidManifest.xml:40:13-87
249            android:enabled="true"
249-->[com.google.android.gms:play-services-measurement:21.2.2] AndroidManifest.xml:41:13-35
250            android:exported="false"
250-->[com.google.android.gms:play-services-measurement:21.2.2] AndroidManifest.xml:42:13-37
251            android:permission="android.permission.BIND_JOB_SERVICE" />
251-->[com.google.android.gms:play-services-measurement:21.2.2] AndroidManifest.xml:43:13-69
252
253        <activity
253-->[com.google.android.gms:play-services-base:18.0.1] AndroidManifest.xml:20:9-22:45
254            android:name="com.google.android.gms.common.api.GoogleApiActivity"
254-->[com.google.android.gms:play-services-base:18.0.1] AndroidManifest.xml:20:19-85
255            android:exported="false"
255-->[com.google.android.gms:play-services-base:18.0.1] AndroidManifest.xml:22:19-43
256            android:theme="@android:style/Theme.Translucent.NoTitleBar" />
256-->[com.google.android.gms:play-services-base:18.0.1] AndroidManifest.xml:21:19-78
257
258        <meta-data
258-->[com.google.android.gms:play-services-basement:18.1.0] AndroidManifest.xml:21:9-23:69
259            android:name="com.google.android.gms.version"
259-->[com.google.android.gms:play-services-basement:18.1.0] AndroidManifest.xml:22:13-58
260            android:value="@integer/google_play_services_version" />
260-->[com.google.android.gms:play-services-basement:18.1.0] AndroidManifest.xml:23:13-66
261
262        <uses-library
262-->[androidx.window:window:1.0.0-beta04] AndroidManifest.xml:25:9-27:40
263            android:name="androidx.window.extensions"
263-->[androidx.window:window:1.0.0-beta04] AndroidManifest.xml:26:13-54
264            android:required="false" />
264-->[androidx.window:window:1.0.0-beta04] AndroidManifest.xml:27:13-37
265        <uses-library
265-->[androidx.window:window:1.0.0-beta04] AndroidManifest.xml:28:9-30:40
266            android:name="androidx.window.sidecar"
266-->[androidx.window:window:1.0.0-beta04] AndroidManifest.xml:29:13-51
267            android:required="false" />
267-->[androidx.window:window:1.0.0-beta04] AndroidManifest.xml:30:13-37
268
269        <provider
269-->[androidx.emoji2:emoji2:1.0.0] AndroidManifest.xml:26:9-34:20
270            android:name="androidx.startup.InitializationProvider"
270-->[androidx.emoji2:emoji2:1.0.0] AndroidManifest.xml:27:13-67
271            android:authorities="com.project.aovipos.androidx-startup"
271-->[androidx.emoji2:emoji2:1.0.0] AndroidManifest.xml:28:13-68
272            android:exported="false" >
272-->[androidx.emoji2:emoji2:1.0.0] AndroidManifest.xml:29:13-37
273            <meta-data
273-->[androidx.emoji2:emoji2:1.0.0] AndroidManifest.xml:31:13-33:52
274                android:name="androidx.emoji2.text.EmojiCompatInitializer"
274-->[androidx.emoji2:emoji2:1.0.0] AndroidManifest.xml:32:17-75
275                android:value="androidx.startup" />
275-->[androidx.emoji2:emoji2:1.0.0] AndroidManifest.xml:33:17-49
276            <meta-data
276-->[androidx.lifecycle:lifecycle-process:2.4.0] AndroidManifest.xml:31:13-33:52
277                android:name="androidx.lifecycle.ProcessLifecycleInitializer"
277-->[androidx.lifecycle:lifecycle-process:2.4.0] AndroidManifest.xml:32:17-78
278                android:value="androidx.startup" />
278-->[androidx.lifecycle:lifecycle-process:2.4.0] AndroidManifest.xml:33:17-49
279        </provider>
280
281        <meta-data
281-->[com.android.billingclient:billing:5.1.0] AndroidManifest.xml:23:9-25:37
282            android:name="com.google.android.play.billingclient.version"
282-->[com.android.billingclient:billing:5.1.0] AndroidManifest.xml:24:13-73
283            android:value="5.1.0" />
283-->[com.android.billingclient:billing:5.1.0] AndroidManifest.xml:25:13-34
284
285        <activity
285-->[com.android.billingclient:billing:5.1.0] AndroidManifest.xml:27:9-31:75
286            android:name="com.android.billingclient.api.ProxyBillingActivity"
286-->[com.android.billingclient:billing:5.1.0] AndroidManifest.xml:28:13-78
287            android:configChanges="keyboard|keyboardHidden|screenLayout|screenSize|orientation"
287-->[com.android.billingclient:billing:5.1.0] AndroidManifest.xml:29:13-96